2024-03-20 22:53:22,946 Logging:
2024-03-20 22:53:22,954 
                              y           x        hr  zScore  numUnits
Date                                                                   
2024-03-14 00:00:00  243.729996  132.550003 -1.934098  -1.661       1.0
2024-03-15 00:00:00  237.539993  130.550003 -1.921832  -1.718       1.0
2024-03-18 00:00:00  236.619995  129.580002 -1.911217  -1.316       1.0
2024-03-19 00:00:00  236.380005  130.830002 -1.899935  -1.415       1.0
2024-03-20 00:00:00  236.330002  133.695007 -1.885947  -1.843       1.0
2024-03-20 22:53:25,931 Logging:
2024-03-20 22:53:25,938 
                              y           x        hr  zScore  numUnits
Date                                                                   
2024-03-14 00:00:00  187.059998  166.440002 -1.200286  -2.300       1.0
2024-03-15 00:00:00  191.059998  160.639999 -1.198394  -0.688       1.0
2024-03-18 00:00:00  190.649994  161.860001 -1.196039  -0.855       1.0
2024-03-19 00:00:00  181.419998  161.789993 -1.188789  -1.801       1.0
2024-03-20 00:00:00  180.139999  163.940002 -1.179778  -1.923       1.0
2024-03-20 22:53:25,939 Disconnecting from 127.0.0.1:4001, 117 B sent in 8 messages, 14.9 kB received in 312 messages, session time 7.16 s.
2024-03-20 22:53:25,939 Disconnecting
