2024-03-23 13:19:17,684 Logging:
2024-03-23 13:19:17,684 
Short GFS: 135 * 9 ; Long LULU: 15
2024-03-23 13:19:17,719 Logging:
2024-03-23 13:19:17,719 
Holdin pairs stored in local drive:('GFS', 'LULU'). 
 All holding in IB: ['AMD', 'NXPI', 'ABNB', 'DASH']
2024-03-23 13:19:17,719 Logging:
2024-03-23 13:19:17,719 
Holdin pairs stored in local drive:('ABNB', 'VRSK'). 
 All holding in IB: ['AMD', 'NXPI', 'ABNB', 'DASH']
2024-03-23 13:19:17,720 Logging:
2024-03-23 13:19:17,720 
Holdin pairs stored in local drive:('AEP', 'DLTR'). 
 All holding in IB: ['AMD', 'NXPI', 'ABNB', 'DASH']
2024-03-23 13:19:17,720 Logging:
2024-03-23 13:19:17,720 
Holdin pairs stored in local drive:('ABNB', 'AMD'). 
 All holding in IB: ['AMD', 'NXPI', 'ABNB', 'DASH']
2024-03-23 13:19:20,781 Logging:
2024-03-23 13:19:20,786 
                              y           x        hr  zScore  numUnits
Date                                                                   
2024-03-18 00:00:00  190.649994  161.860001 -1.195938  -0.855       1.0
2024-03-19 00:00:00  181.419998  161.789993 -1.188688  -1.801       1.0
2024-03-20 00:00:00  179.729996  164.710007 -1.178946  -2.048       1.0
2024-03-21 00:00:00  178.679993  168.179993 -1.167142  -2.176       1.0
2024-03-22 00:00:00  179.649994  167.860001 -1.157089  -1.695       1.0
2024-03-23 13:19:20,787 Logging:
2024-03-23 13:19:20,787 
Holdin pairs stored in local drive:('DASH', 'NXPI'). 
 All holding in IB: ['AMD', 'NXPI', 'ABNB', 'DASH']
2024-03-23 13:19:23,902 Logging:
2024-03-23 13:19:23,907 
                              y           x        hr  zScore  numUnits
Date                                                                   
2024-03-18 00:00:00  235.604965  129.580002 -1.902959  -1.316       1.0
2024-03-19 00:00:00  235.366013  130.830002 -1.891726  -1.415       1.0
2024-03-20 00:00:00  241.270004  137.910004 -1.876481  -2.078       1.0
2024-03-21 00:00:00  246.110001  136.759995 -1.867018  -0.790       1.0
2024-03-22 00:00:00  244.330002  137.240005 -1.857201  -0.971       1.0
2024-03-23 13:19:23,908 Logging:
2024-03-23 13:19:23,908 
Holdin pairs stored in local drive:('GFS', 'LULU'). 
 All holding in IB: ['AMD', 'NXPI', 'ABNB', 'DASH']
2024-03-23 13:19:23,909 Logging:
2024-03-23 13:19:23,909 
Holdin pairs stored in local drive:('GFS', 'LULU'). 
 All holding in IB: ['AMD', 'NXPI', 'ABNB', 'DASH']
2024-03-23 13:19:23,909 Disconnecting from 127.0.0.1:4002, 1.81 kB sent in 14 messages, 63.4 kB received in 1115 messages, session time 842 s.
2024-03-23 13:19:23,909 Disconnecting
