2024-04-05 21:42:38,367 Logging:
2024-04-05 21:42:38,367 
Holdin pairs stored in local drive:('ABNB', 'CDW'). 
 All holding in IB: ['ABNB', 'VRSK', 'ADSK', 'ORLY', 'CDW', 'MNST']
2024-04-05 21:42:45,203 Logging:
2024-04-05 21:42:45,209 
                              y           x        hr  zScore  numUnits
Date                                                                   
2024-04-01 00:00:00  253.059998  163.369995 -1.528055   1.002       0.0
2024-04-02 00:00:00  251.630005  160.110001 -1.531364   1.519      -1.0
2024-04-03 00:00:00  255.759995  159.339996 -1.537397   2.143      -1.0
2024-04-04 00:00:00  252.539993  158.839996 -1.541737   1.509      -1.0
2024-04-05 00:00:00  253.850006  160.125000 -1.545234   1.211      -1.0
2024-04-05 21:42:45,210 Logging:
2024-04-05 21:42:45,210 
Holdin pairs stored in local drive:('ADSK', 'ORLY'). 
 All holding in IB: ['ABNB', 'VRSK', 'ADSK', 'ORLY', 'CDW', 'MNST']
2024-04-05 21:42:48,053 Logging:
2024-04-05 21:42:48,061 
                               y           x        hr  zScore  numUnits
Date                                                                    
2024-04-01 00:00:00  1130.280029  259.440002 -4.296538  -0.388       0.0
2024-04-02 00:00:00  1140.209961  248.710007 -4.321027   2.234      -1.0
2024-04-03 00:00:00  1132.949951  246.380005 -4.344943   1.889      -1.0
2024-04-04 00:00:00  1099.630005  244.809998 -4.357256   0.264      -1.0
2024-04-05 00:00:00  1106.109985  246.585007 -4.367763   0.000      -1.0
2024-04-05 21:42:48,061 Logging:
2024-04-05 21:42:48,061 
Holdin pairs stored in local drive:('MNST', 'VRSK'). 
 All holding in IB: ['ABNB', 'VRSK', 'ADSK', 'ORLY', 'CDW', 'MNST']
2024-04-05 21:42:51,114 Logging:
2024-04-05 21:42:51,119 
                              y          x        hr  zScore  numUnits
Date                                                                  
2024-04-01 00:00:00  232.779999  57.740002 -3.910407   1.207       0.0
2024-04-02 00:00:00  231.990005  56.900002 -3.915799   1.529      -1.0
2024-04-03 00:00:00  231.009995  55.950001 -3.925043   1.768      -1.0
2024-04-04 00:00:00  226.520004  55.750000 -3.930474   1.175      -1.0
2024-04-05 00:00:00  227.000000  55.779999 -3.934976   1.178      -1.0
2024-04-05 21:42:51,121 Disconnecting from 127.0.0.1:4001, 117 B sent in 8 messages, 15.3 kB received in 318 messages, session time 13.4 s.
2024-04-05 21:42:51,121 Disconnecting
