2024-03-28 04:09:03,642 Logging:
2024-03-28 04:09:03,643 
Short GFS: 119 * 17 ; Long NVDA: 7
2024-03-28 04:09:03,660 Logging:
2024-03-28 04:09:03,660 
Holdin pairs stored in local drive:('GFS', 'NVDA'). 
 All holding in IB: ['AMAT', 'GFS', 'HON', 'VRTX']
2024-03-28 04:09:03,660 Logging:
2024-03-28 04:09:03,660 
Holdin pairs stored in local drive:('GFS', 'HON'). 
 All holding in IB: ['AMAT', 'GFS', 'HON', 'VRTX']
2024-03-28 04:09:04,852 Logging:
2024-03-28 04:09:04,854 
                              y          x        hr  zScore  numUnits
Date                                                                  
2024-03-21 00:00:00  201.380005  52.480000 -3.689953   0.323       0.0
2024-03-22 00:00:00  200.729996  52.209999 -3.699384   0.258       0.0
2024-03-25 00:00:00  198.479996  51.849998 -3.706960  -0.038       0.0
2024-03-26 00:00:00  201.000000  50.790001 -3.721355   1.556      -1.0
2024-03-27 00:00:00  205.130005  51.730000 -3.737674   1.439      -1.0
2024-03-28 04:09:04,854 Logging:
2024-03-28 04:09:04,854 
Holdin pairs stored in local drive:('GFS', 'VRTX'). 
 All holding in IB: ['AMAT', 'GFS', 'HON', 'VRTX']
2024-03-28 04:09:05,897 Logging:
2024-03-28 04:09:05,899 
                              y          x        hr  zScore  numUnits
Date                                                                  
2024-03-21 00:00:00  415.709991  52.480000 -7.757530  -0.094       0.0
2024-03-22 00:00:00  415.660004  52.209999 -7.768411   0.062       0.0
2024-03-25 00:00:00  416.029999  51.849998 -7.783006   0.469       0.0
2024-03-26 00:00:00  418.459991  50.790001 -7.810766   1.657      -1.0
2024-03-27 00:00:00  417.320007  51.730000 -7.830449   0.541      -1.0
2024-03-28 04:09:05,899 Logging:
2024-03-28 04:09:05,899 
Holdin pairs stored in local drive:('AMAT', 'VRTX'). 
 All holding in IB: ['AMAT', 'GFS', 'HON', 'VRTX']
2024-03-28 04:09:06,889 Logging:
2024-03-28 04:09:06,891 
                              y           x        hr  zScore  numUnits
Date                                                                   
2024-03-21 00:00:00  415.709991  210.800003 -2.061025   0.572       0.0
2024-03-22 00:00:00  415.660004  210.250000 -2.051777   0.804       0.0
2024-03-25 00:00:00  416.029999  208.460007 -2.045301   1.181       0.0
2024-03-26 00:00:00  418.459991  206.669998 -2.042283   1.581      -1.0
2024-03-27 00:00:00  417.320007  208.000000 -2.037965   1.311      -1.0
2024-03-28 04:09:06,891 Logging:
2024-03-28 04:09:06,891 
Holdin pairs stored in local drive:('GFS', 'HON'). 
 All holding in IB: ['AMAT', 'GFS', 'HON', 'VRTX']
2024-03-28 04:09:07,895 Logging:
2024-03-28 04:09:07,897 
                              y          x        hr  zScore  numUnits
Date                                                                  
2024-03-21 00:00:00  201.380005  52.480000 -3.689953   0.323       0.0
2024-03-22 00:00:00  200.729996  52.209999 -3.699384   0.258       0.0
2024-03-25 00:00:00  198.479996  51.849998 -3.706960  -0.038       0.0
2024-03-26 00:00:00  201.000000  50.790001 -3.721355   1.556      -1.0
2024-03-27 00:00:00  205.130005  51.730000 -3.737674   1.439      -1.0
2024-03-28 04:09:07,897 Logging:
2024-03-28 04:09:07,897 
Holdin pairs stored in local drive:('GFS', 'VRTX'). 
 All holding in IB: ['AMAT', 'GFS', 'HON', 'VRTX']
2024-03-28 04:09:08,999 Logging:
2024-03-28 04:09:09,001 
                              y          x        hr  zScore  numUnits
Date                                                                  
2024-03-21 00:00:00  415.709991  52.480000 -7.757530  -0.094       0.0
2024-03-22 00:00:00  415.660004  52.209999 -7.768411   0.062       0.0
2024-03-25 00:00:00  416.029999  51.849998 -7.783006   0.469       0.0
2024-03-26 00:00:00  418.459991  50.790001 -7.810766   1.657      -1.0
2024-03-27 00:00:00  417.320007  51.730000 -7.830449   0.541      -1.0
2024-03-28 04:09:09,001 Logging:
2024-03-28 04:09:09,001 
Holdin pairs stored in local drive:('AMAT', 'VRTX'). 
 All holding in IB: ['AMAT', 'GFS', 'HON', 'VRTX']
2024-03-28 04:09:10,104 Logging:
2024-03-28 04:09:10,105 
                              y           x        hr  zScore  numUnits
Date                                                                   
2024-03-21 00:00:00  415.709991  210.800003 -2.061025   0.572       0.0
2024-03-22 00:00:00  415.660004  210.250000 -2.051777   0.804       0.0
2024-03-25 00:00:00  416.029999  208.460007 -2.045301   1.181       0.0
2024-03-26 00:00:00  418.459991  206.669998 -2.042283   1.581      -1.0
2024-03-27 00:00:00  417.320007  208.000000 -2.037965   1.311      -1.0
2024-03-28 04:09:10,106 Disconnecting from 127.0.0.1:4001, 621 B sent in 12 messages, 39.9 kB received in 749 messages, session time 591 s.
2024-03-28 04:09:10,106 Disconnecting
