2024-03-13 21:10:19,134 Logging:
2024-03-13 21:10:19,140 
                              y          x        hr  zScore  numUnits
Date                                                                  
2024-03-06 00:00:00  182.860001  60.869999 -3.007504  -0.840       1.0
2024-03-07 00:00:00  186.289993  61.049999 -3.007253  -0.232       1.0
2024-03-08 00:00:00  185.429993  60.799999 -3.007853  -0.217       1.0
2024-03-11 00:00:00  186.350006  61.520000 -3.007216  -0.422       1.0
2024-03-12 00:00:00  187.889999  61.139999 -3.009348   0.201       0.0
2024-03-13 21:10:21,989 Logging:
2024-03-13 21:10:21,994 
                              y          x        hr  zScore  numUnits
Date                                                                  
2024-03-06 00:00:00  149.139999  83.919998 -1.740630  -0.178       1.0
2024-03-07 00:00:00  150.020004  84.099998 -1.742722  -0.037       1.0
2024-03-08 00:00:00  147.910004  83.839996 -1.743199  -0.598       1.0
2024-03-11 00:00:00  149.000000  83.730003 -1.744553  -0.193       1.0
2024-03-12 00:00:00  149.690002  83.389999 -1.747147   0.156       1.0
2024-03-13 21:10:51,032 Disconnecting from 127.0.0.1:4001, 621 B sent in 12 messages, 25.1 kB received in 337 messages, session time 37.0 s.
2024-03-13 21:10:51,032 Disconnecting
