2024-03-26 21:54:28,602 Logging:
2024-03-26 21:54:28,602 
Holdin pairs stored in local drive:('DASH', 'NXPI'). 
 All holding in IB: ['AMD', 'NXPI', 'ABNB', 'DASH', 'GFS', 'LULU']
2024-03-26 21:54:31,903 Logging:
2024-03-26 21:54:31,908 
                              y           x        hr  zScore  numUnits
Date                                                                   
2024-03-20 00:00:00  241.270004  137.910004 -1.876796  -2.078       1.0
2024-03-21 00:00:00  246.110001  136.759995 -1.867332  -0.790       1.0
2024-03-22 00:00:00  244.330002  137.240005 -1.857513  -0.971       1.0
2024-03-25 00:00:00  240.339996  137.820007 -1.845264  -1.384       1.0
2024-03-26 00:00:00  241.922501  138.270004 -1.834466  -1.007       1.0
2024-03-26 21:54:31,937 Logging:
2024-03-26 21:54:31,938 
Holdin pairs stored in local drive:('GFS', 'LULU'). 
 All holding in IB: ['AMD', 'NXPI', 'ABNB', 'DASH', 'GFS', 'LULU']
2024-03-26 21:54:34,758 Logging:
2024-03-26 21:54:34,763 
                              y          x        hr  zScore  numUnits
Date                                                                  
2024-03-20 00:00:00  469.049988  52.439999 -8.590244   0.769      -1.0
2024-03-21 00:00:00  478.839996  52.480000 -8.627041   1.397      -1.0
2024-03-22 00:00:00  403.190002  52.209999 -8.574849  -3.744       1.0
2024-03-25 00:00:00  388.899994  51.849998 -8.486193  -3.354       1.0
2024-03-26 00:00:00  392.420013  51.974998 -8.395256  -2.565       1.0
2024-03-26 21:54:34,763 Logging:
2024-03-26 21:54:34,764 
Holdin pairs stored in local drive:('ABNB', 'VRSK'). 
 All holding in IB: ['AMD', 'NXPI', 'ABNB', 'DASH', 'GFS', 'LULU']
2024-03-26 21:54:34,764 Logging:
2024-03-26 21:54:34,764 
Holdin pairs stored in local drive:('AEP', 'DLTR'). 
 All holding in IB: ['AMD', 'NXPI', 'ABNB', 'DASH', 'GFS', 'LULU']
2024-03-26 21:54:34,764 Disconnecting from 127.0.0.1:4001, 121 B sent in 8 messages, 15.4 kB received in 314 messages, session time 6.70 s.
2024-03-26 21:54:34,764 Disconnecting
