2024-03-14 23:54:36,522 Logging:
2024-03-14 23:54:36,523 Logging:
2024-03-14 23:54:36,525 
                              y          x        hr  zScore  numUnits
Date                                                                  
2024-03-08 00:00:00  147.910004  83.839996 -1.742834  -0.598       1.0
2024-03-11 00:00:00  149.000000  83.730003 -1.744188  -0.193       1.0
2024-03-12 00:00:00  149.690002  83.389999 -1.746782   0.156       1.0
2024-03-13 00:00:00  128.419998  83.000000 -1.730226  -4.165       1.0
2024-03-14 00:00:00  125.190002  81.750000 -1.710630  -3.224       1.0
2024-03-14 23:54:36,525 
                              y          x        hr  zScore  numUnits
Date                                                                  
2024-03-08 00:00:00  147.910004  83.839996 -1.742834  -0.598       1.0
2024-03-11 00:00:00  149.000000  83.730003 -1.744188  -0.193       1.0
2024-03-12 00:00:00  149.690002  83.389999 -1.746782   0.156       1.0
2024-03-13 00:00:00  128.419998  83.000000 -1.730226  -4.165       1.0
2024-03-14 00:00:00  125.190002  81.750000 -1.710630  -3.224       1.0
2024-03-14 23:54:37,839 Logging:
2024-03-14 23:54:37,841 
                              y           x        hr  zScore  numUnits
Date                                                                   
2024-03-08 00:00:00  236.529999  164.910004 -1.540786  -1.597       1.0
2024-03-11 00:00:00  237.479996  162.990005 -1.531524  -0.805       1.0
2024-03-12 00:00:00  238.080002  166.669998 -1.520553  -1.172       1.0
2024-03-13 00:00:00  236.259995  164.759995 -1.511152  -0.765       1.0
2024-03-14 00:00:00  234.369995  165.750000 -1.500864  -0.941       1.0
2024-03-14 23:54:37,841 Disconnecting from 127.0.0.1:4001, 119 B sent in 8 messages, 20.9 kB received in 341 messages, session time 10.1 s.
2024-03-14 23:54:37,841 Disconnecting
2024-03-14 23:54:37,943 Logging:
2024-03-14 23:54:37,946 
                              y           x        hr  zScore  numUnits
Date                                                                   
2024-03-08 00:00:00  236.529999  164.910004 -1.540786  -1.597       1.0
2024-03-11 00:00:00  237.479996  162.990005 -1.531524  -0.805       1.0
2024-03-12 00:00:00  238.080002  166.669998 -1.520553  -1.172       1.0
2024-03-13 00:00:00  236.259995  164.759995 -1.511152  -0.765       1.0
2024-03-14 00:00:00  234.369995  165.750000 -1.500864  -0.941       1.0
2024-03-14 23:54:37,946 Disconnecting from 127.0.0.1:4001, 119 B sent in 8 messages, 20.9 kB received in 341 messages, session time 9.99 s.
2024-03-14 23:54:37,946 Disconnecting
2024-03-14 23:54:38,012 Logging:
2024-03-14 23:54:38,015 
                              y           x        hr  zScore  numUnits
Date                                                                   
2024-03-08 00:00:00  236.529999  164.910004 -1.540786  -1.597       1.0
2024-03-11 00:00:00  237.479996  162.990005 -1.531524  -0.805       1.0
2024-03-12 00:00:00  238.080002  166.669998 -1.520553  -1.172       1.0
2024-03-13 00:00:00  236.259995  164.759995 -1.511152  -0.765       1.0
2024-03-14 00:00:00  234.369995  165.750000 -1.500864  -0.941       1.0
2024-03-14 23:54:38,015 Disconnecting from 127.0.0.1:4001, 120 B sent in 8 messages, 20.9 kB received in 341 messages, session time 9.88 s.
2024-03-14 23:54:38,015 Disconnecting
