2024-03-21 19:30:19,767 Logging:
2024-03-21 19:30:19,770 
                              y           x        hr  zScore  numUnits
Date                                                                   
2024-03-14 00:00:00  242.684464  132.550003 -1.925801  -1.661       1.0
2024-03-15 00:00:00  236.521027  130.550003 -1.913588  -1.718       1.0
2024-03-18 00:00:00  235.604965  129.580002 -1.903019  -1.316       1.0
2024-03-19 00:00:00  235.366013  130.830002 -1.891785  -1.415       1.0
2024-03-20 00:00:00  241.270004  137.910004 -1.876540  -2.078       1.0
2024-03-21 19:30:20,813 Logging:
2024-03-21 19:30:20,814 
                              y           x        hr  zScore  numUnits
Date                                                                   
2024-03-14 00:00:00  187.059998  166.440002 -1.200286  -2.300       1.0
2024-03-15 00:00:00  191.059998  160.639999 -1.198394  -0.688       1.0
2024-03-18 00:00:00  190.649994  161.860001 -1.196039  -0.855       1.0
2024-03-19 00:00:00  181.419998  161.789993 -1.188789  -1.801       1.0
2024-03-20 00:00:00  179.729996  164.710007 -1.179046  -2.048       1.0
2024-03-21 19:30:20,815 Disconnecting from 127.0.0.1:4001, 121 B sent in 8 messages, 15.2 kB received in 312 messages, session time 3.17 s.
2024-03-21 19:30:20,815 Disconnecting
