2024-03-22 03:59:00,226 Logging:
2024-03-22 03:59:00,228 
                              y           x        hr  zScore  numUnits
Date                                                                   
2024-03-15 00:00:00  236.521027  130.550003 -1.913998  -1.717       1.0
2024-03-18 00:00:00  235.604965  129.580002 -1.903428  -1.316       1.0
2024-03-19 00:00:00  235.366013  130.830002 -1.892193  -1.415       1.0
2024-03-20 00:00:00  241.270004  137.910004 -1.876945  -2.078       1.0
2024-03-21 00:00:00  245.960007  136.850006 -1.867268  -0.831       1.0
2024-03-22 03:59:01,353 Logging:
2024-03-22 03:59:01,355 
                              y           x        hr  zScore  numUnits
Date                                                                   
2024-03-15 00:00:00  191.059998  160.639999 -1.198363  -0.688       1.0
2024-03-18 00:00:00  190.649994  161.860001 -1.196009  -0.855       1.0
2024-03-19 00:00:00  181.419998  161.789993 -1.188758  -1.801       1.0
2024-03-20 00:00:00  179.729996  164.710007 -1.179016  -2.048       1.0
2024-03-21 00:00:00  178.824997  168.095001 -1.167346  -2.155       1.0
2024-03-22 03:59:01,356 Disconnecting from 127.0.0.1:4001, 121 B sent in 8 messages, 15.2 kB received in 312 messages, session time 5.10 s.
2024-03-22 03:59:01,356 Disconnecting
