2024-03-23 11:02:33,729 Logging:
2024-03-23 11:02:33,730 
Short GFS: 135 * 9 ; Long LULU: 15
2024-03-23 12:42:49,754 Logging:
2024-03-23 12:42:49,759 
                              y           x        hr  zScore  numUnits
Date                                                                   
2024-03-18 00:00:00  190.649994  161.860001 -1.195938  -0.855       1.0
2024-03-19 00:00:00  181.419998  161.789993 -1.188688  -1.801       1.0
2024-03-20 00:00:00  179.729996  164.710007 -1.178946  -2.048       1.0
2024-03-21 00:00:00  178.679993  168.179993 -1.167142  -2.176       1.0
2024-03-22 00:00:00  179.649994  167.860001 -1.157089  -1.695       1.0
2024-03-23 12:42:52,621 Logging:
2024-03-23 12:42:52,627 
                              y           x        hr  zScore  numUnits
Date                                                                   
2024-03-18 00:00:00  235.604965  129.580002 -1.902959  -1.316       1.0
2024-03-19 00:00:00  235.366013  130.830002 -1.891726  -1.415       1.0
2024-03-20 00:00:00  241.270004  137.910004 -1.876481  -2.078       1.0
2024-03-21 00:00:00  246.110001  136.759995 -1.867018  -0.790       1.0
2024-03-22 00:00:00  244.330002  137.240005 -1.857201  -0.971       1.0
2024-03-23 12:42:52,628 Disconnecting from 127.0.0.1:4002, 619 B sent in 12 messages, 28.4 kB received in 537 messages, session time 7.38 ks.
2024-03-23 12:42:52,628 Disconnecting
