2024-03-20 21:00:24,384 Logging:
2024-03-20 21:00:24,389 
                              y           x        hr  zScore  numUnits
Date                                                                   
2024-03-13 00:00:00  250.979996  132.419998 -1.945366  -0.679       0.0
2024-03-14 00:00:00  243.729996  132.550003 -1.934098  -1.661       1.0
2024-03-15 00:00:00  237.539993  130.550003 -1.921832  -1.718       1.0
2024-03-18 00:00:00  236.619995  129.580002 -1.911217  -1.316       1.0
2024-03-19 00:00:00  236.380005  130.830002 -1.899935  -1.415       1.0
2024-03-20 21:00:28,706 Logging:
2024-03-20 21:00:28,721 
                              y           x        hr  zScore  numUnits
Date                                                                   
2024-03-13 00:00:00  194.789993  164.759995 -1.208750  -1.280       0.0
2024-03-14 00:00:00  187.059998  166.440002 -1.200286  -2.300       1.0
2024-03-15 00:00:00  191.059998  160.639999 -1.198394  -0.688       1.0
2024-03-18 00:00:00  190.649994  161.860001 -1.196039  -0.855       1.0
2024-03-19 00:00:00  181.419998  161.789993 -1.188789  -1.801       1.0
2024-03-20 21:00:28,722 Disconnecting from 127.0.0.1:4001, 118 B sent in 8 messages, 14.9 kB received in 312 messages, session time 17.1 s.
2024-03-20 21:00:28,722 Disconnecting
