2024-03-22 23:07:58,073 Logging:
2024-03-22 23:07:58,079 
                               y          x         hr  zScore  numUnits
Date                                                                    
2024-03-18 00:00:00  1113.829956  60.790001 -18.196109  -0.931       1.0
2024-03-19 00:00:00  1134.630005  60.540001 -18.210545   0.055       1.0
2024-03-20 00:00:00  1145.290039  60.139999 -18.252057   0.709       0.0
2024-03-21 00:00:00  1162.939941  59.880001 -18.323401   1.440       0.0
2024-03-22 00:00:00  1163.920044  59.685001 -18.402814   1.462       0.0
2024-03-22 23:08:04,746 Logging:
2024-03-22 23:08:04,751 
                              y           x        hr  zScore  numUnits
Date                                                                   
2024-03-18 00:00:00  190.649994  161.860001 -1.195938  -0.855       1.0
2024-03-19 00:00:00  181.419998  161.789993 -1.188688  -1.801       1.0
2024-03-20 00:00:00  179.729996  164.710007 -1.178946  -2.048       1.0
2024-03-21 00:00:00  178.679993  168.179993 -1.167142  -2.176       1.0
2024-03-22 00:00:00  177.160004  167.759995 -1.155783  -1.899       1.0
2024-03-22 23:08:08,538 Logging:
2024-03-22 23:08:08,543 
                              y           x        hr  zScore  numUnits
Date                                                                   
2024-03-18 00:00:00  235.604965  129.580002 -1.902959  -1.316       1.0
2024-03-19 00:00:00  235.366013  130.830002 -1.891726  -1.415       1.0
2024-03-20 00:00:00  241.270004  137.910004 -1.876481  -2.078       1.0
2024-03-21 00:00:00  246.110001  136.759995 -1.867018  -0.790       1.0
2024-03-22 00:00:00  244.529999  135.960007 -1.858909  -0.634       1.0
2024-03-22 23:08:08,545 Disconnecting from 127.0.0.1:4002, 117 B sent in 8 messages, 16.3 kB received in 316 messages, session time 191 s.
2024-03-22 23:08:08,546 Disconnecting
