2024-03-22 22:54:27,701 Logging:
2024-03-22 22:54:27,707 
                               y          x         hr  zScore  numUnits
Date                                                                    
2024-03-18 00:00:00  1113.829956  60.790001 -18.196109  -0.931       1.0
2024-03-19 00:00:00  1134.630005  60.540001 -18.210545   0.055       1.0
2024-03-20 00:00:00  1145.290039  60.139999 -18.252057   0.709       0.0
2024-03-21 00:00:00  1162.939941  59.880001 -18.323401   1.440       0.0
2024-03-22 00:00:00  1164.155029  59.660000 -18.403608   1.486       0.0
2024-03-22 22:54:30,329 Logging:
2024-03-22 22:54:30,334 
                              y           x        hr  zScore  numUnits
Date                                                                   
2024-03-18 00:00:00  190.649994  161.860001 -1.195938  -0.855       1.0
2024-03-19 00:00:00  181.419998  161.789993 -1.188688  -1.801       1.0
2024-03-20 00:00:00  179.729996  164.710007 -1.178946  -2.048       1.0
2024-03-21 00:00:00  178.679993  168.179993 -1.167142  -2.176       1.0
2024-03-22 00:00:00  176.169998  167.714996 -1.155267  -1.977       1.0
2024-03-22 22:54:32,919 Logging:
2024-03-22 22:54:32,924 
                              y           x        hr  zScore  numUnits
Date                                                                   
2024-03-18 00:00:00  235.604965  129.580002 -1.902959  -1.316       1.0
2024-03-19 00:00:00  235.366013  130.830002 -1.891726  -1.415       1.0
2024-03-20 00:00:00  241.270004  137.910004 -1.876481  -2.078       1.0
2024-03-21 00:00:00  246.110001  136.759995 -1.867018  -0.790       1.0
2024-03-22 00:00:00  243.404999  135.914993 -1.858220  -0.771       1.0
2024-03-22 22:54:32,924 Disconnecting from 127.0.0.1:4002, 117 B sent in 8 messages, 16.3 kB received in 316 messages, session time 8.83 s.
2024-03-22 22:54:32,925 Disconnecting
