2024-03-16 21:56:36,051 Logging:
2024-03-16 21:56:36,057 
                              y           x        hr  zScore  numUnits
Date                                                                   
2024-03-11 00:00:00  253.289993  128.770004 -1.949750   0.903       0.0
2024-03-12 00:00:00  257.459991  130.449997 -1.950635   1.041       0.0
2024-03-13 00:00:00  250.979996  132.419998 -1.944521  -0.680       0.0
2024-03-14 00:00:00  243.729996  132.550003 -1.933257  -1.661       1.0
2024-03-15 00:00:00  237.539993  130.550003 -1.920995  -1.719       1.0
2024-03-16 21:56:39,071 Logging:
2024-03-16 21:56:39,077 
                              y           x        hr  zScore  numUnits
Date                                                                   
2024-03-11 00:00:00  198.389999  162.990005 -1.211832  -0.660       0.0
2024-03-12 00:00:00  202.759995  166.669998 -1.211913  -0.631       0.0
2024-03-13 00:00:00  194.789993  164.759995 -1.208793  -1.280       0.0
2024-03-14 00:00:00  187.059998  166.440002 -1.200330  -2.300       1.0
2024-03-15 00:00:00  191.059998  160.639999 -1.198437  -0.688       1.0
2024-03-16 21:56:39,077 Disconnecting from 127.0.0.1:4001, 118 B sent in 8 messages, 14.9 kB received in 312 messages, session time 22.0 s.
2024-03-16 21:56:39,077 Disconnecting
