2024-03-22 23:12:19,781 Logging:
2024-03-22 23:12:19,786 
                               y          x         hr  zScore  numUnits
Date                                                                    
2024-03-18 00:00:00  1113.829956  60.790001 -18.196109  -0.931       1.0
2024-03-19 00:00:00  1134.630005  60.540001 -18.210545   0.055       1.0
2024-03-20 00:00:00  1145.290039  60.139999 -18.252057   0.709       0.0
2024-03-21 00:00:00  1162.939941  59.880001 -18.323401   1.440       0.0
2024-03-22 00:00:00  1164.718140  59.730000 -18.402782   1.461       0.0
2024-03-22 23:12:22,431 Logging:
2024-03-22 23:12:22,444 
                              y           x        hr  zScore  numUnits
Date                                                                   
2024-03-18 00:00:00  190.649994  161.860001 -1.195938  -0.855       1.0
2024-03-19 00:00:00  181.419998  161.789993 -1.188688  -1.801       1.0
2024-03-20 00:00:00  179.729996  164.710007 -1.178946  -2.048       1.0
2024-03-21 00:00:00  178.679993  168.179993 -1.167142  -2.176       1.0
2024-03-22 00:00:00  177.730103  167.770004 -1.156090  -1.852       1.0
2024-03-22 23:12:25,183 Logging:
2024-03-22 23:12:25,188 
                              y           x        hr  zScore  numUnits
Date                                                                   
2024-03-18 00:00:00  235.604965  129.580002 -1.902959  -1.316       1.0
2024-03-19 00:00:00  235.366013  130.830002 -1.891726  -1.415       1.0
2024-03-20 00:00:00  241.270004  137.910004 -1.876481  -2.078       1.0
2024-03-21 00:00:00  246.110001  136.759995 -1.867018  -0.790       1.0
2024-03-22 00:00:00  244.940002  136.100006 -1.859008  -0.614       1.0
2024-03-22 23:12:25,189 Disconnecting from 127.0.0.1:4002, 625 B sent in 12 messages, 18.6 kB received in 320 messages, session time 9.46 s.
2024-03-22 23:12:25,189 Disconnecting
