2024-03-27 04:07:45,777 Logging:
2024-03-27 04:07:45,777 
Long GFS: 128; Short HON: 32 * 4
2024-03-27 04:07:45,800 Logging:
2024-03-27 04:07:45,800 
Holdin pairs stored in local drive:('GFS', 'HON'). 
 All holding in IB: ['GFS']
2024-03-27 04:07:46,206 Warning 399, reqId 126: Order Message: SELL 32 HON NASDAQ.NMS Your order will not be placed at the exchange until 2024-03-27 09:30:00 US/Eastern. If you want the order to be active in the Pre-Market, Regular and After-Market sessions, a Limit type order is required and you must add the attribute "Fill/Trigger Outside RTH." Click  <a href="https://www.ibkrguides.com/kb/article-576.htm?cid=d6326009-23da-46a1-8f9b-9b3f9f9087ca"> here </a> for more information regarding stocks Outside of the Regular Trading Hours sessions.
2024-03-27 04:07:46,207 orderStatus: Trade(contract=Stock(conId=4350, symbol='HON', exchange='SMART', primaryExchange='NASDAQ', currency='USD', localSymbol='HON', tradingClass='NMS'), order=MarketOrder(orderId=126, clientId=1, permId=1340943521, action='SELL', totalQuantity=32.0, lmtPrice=0.0, auxPrice=0.0), orderStatus=OrderStatus(orderId=126, status='PreSubmitted', filled=0.0, remaining=32.0, avgFillPrice=0.0, permId=1340943521, parentId=0, lastFillPrice=0.0, clientId=1, whyHeld='', mktCapPrice=0.0), fills=[], log=[TradeLogEntry(time=datetime.datetime(2024, 3, 26, 20, 7, 45, 776881, tzinfo=datetime.timezone.utc), status='PendingSubmit', message='', errorCode=0), TradeLogEntry(time=datetime.datetime(2024, 3, 26, 20, 7, 46, 207138, tzinfo=datetime.timezone.utc), status='PreSubmitted', message='', errorCode=0)], advancedError='')
2024-03-27 04:07:46,215 placeOrder: New order Trade(contract=Stock(conId=523222624, symbol='GFS', exchange='SMART', primaryExchange='NASDAQ', currency='USD', localSymbol='GFS', tradingClass='NMS'), order=MarketOrder(orderId=128, clientId=1, action='BUY', totalQuantity=128), orderStatus=OrderStatus(orderId=128, status='PendingSubmit', filled=0.0, remaining=0.0, avgFillPrice=0.0, permId=0, parentId=0, lastFillPrice=0.0, clientId=0, whyHeld='', mktCapPrice=0.0), fills=[], log=[TradeLogEntry(time=datetime.datetime(2024, 3, 26, 20, 7, 46, 215136, tzinfo=datetime.timezone.utc), status='PendingSubmit', message='', errorCode=0)], advancedError='')
2024-03-27 04:07:46,231 Warning 399, reqId 128: Order Message: BUY 128 GFS NASDAQ.NMS Your order will not be placed at the exchange until 2024-03-27 09:30:00 US/Eastern. If you want the order to be active in the Pre-Market, Regular and After-Market sessions, a Limit type order is required and you must add the attribute "Fill/Trigger Outside RTH." Click  <a href="https://www.ibkrguides.com/kb/article-576.htm?cid=d6326009-23da-46a1-8f9b-9b3f9f9087ca"> here </a> for more information regarding stocks Outside of the Regular Trading Hours sessions.
2024-03-27 04:07:46,233 orderStatus: Trade(contract=Stock(conId=523222624, symbol='GFS', exchange='SMART', primaryExchange='NASDAQ', currency='USD', localSymbol='GFS', tradingClass='NMS'), order=MarketOrder(orderId=128, clientId=1, permId=1340943522, action='BUY', totalQuantity=128.0, lmtPrice=0.0, auxPrice=0.0), orderStatus=OrderStatus(orderId=128, status='PreSubmitted', filled=0.0, remaining=128.0, avgFillPrice=0.0, permId=1340943522, parentId=0, lastFillPrice=0.0, clientId=1, whyHeld='', mktCapPrice=0.0), fills=[], log=[TradeLogEntry(time=datetime.datetime(2024, 3, 26, 20, 7, 46, 215136, tzinfo=datetime.timezone.utc), status='PendingSubmit', message='', errorCode=0), TradeLogEntry(time=datetime.datetime(2024, 3, 26, 20, 7, 46, 232653, tzinfo=datetime.timezone.utc), status='PreSubmitted', message='', errorCode=0)], advancedError='')
2024-03-27 04:07:46,354 placeOrder: New order Trade(contract=Stock(conId=275850, symbol='VRTX', exchange='SMART', primaryExchange='NASDAQ', currency='USD', localSymbol='VRTX', tradingClass='NMS'), order=MarketOrder(orderId=130, clientId=1, action='SELL', totalQuantity=16), orderStatus=OrderStatus(orderId=130, status='PendingSubmit', filled=0.0, remaining=0.0, avgFillPrice=0.0, permId=0, parentId=0, lastFillPrice=0.0, clientId=0, whyHeld='', mktCapPrice=0.0), fills=[], log=[TradeLogEntry(time=datetime.datetime(2024, 3, 26, 20, 7, 46, 354238, tzinfo=datetime.timezone.utc), status='PendingSubmit', message='', errorCode=0)], advancedError='')
2024-03-27 04:07:46,354 Logging:
2024-03-27 04:07:46,354 
Long GFS: 128; Short VRTX: 16 * 8
2024-03-27 04:07:46,374 Logging:
2024-03-27 04:07:46,374 
Holdin pairs stored in local drive:('GFS', 'VRTX'). 
 All holding in IB: ['GFS']
2024-03-27 04:07:46,374 Logging:
2024-03-27 04:07:46,374 
Holdin pairs stored in local drive:('GFS', 'HON'). 
 All holding in IB: ['GFS']
2024-03-27 04:07:46,933 Warning 399, reqId 130: Order Message: SELL 16 VRTX NASDAQ.NMS Your order will not be placed at the exchange until 2024-03-27 09:30:00 US/Eastern. If you want the order to be active in the Pre-Market, Regular and After-Market sessions, a Limit type order is required and you must add the attribute "Fill/Trigger Outside RTH." Click  <a href="https://www.ibkrguides.com/kb/article-576.htm?cid=d6326009-23da-46a1-8f9b-9b3f9f9087ca"> here </a> for more information regarding stocks Outside of the Regular Trading Hours sessions.
2024-03-27 04:07:46,934 orderStatus: Trade(contract=Stock(conId=275850, symbol='VRTX', exchange='SMART', primaryExchange='NASDAQ', currency='USD', localSymbol='VRTX', tradingClass='NMS'), order=MarketOrder(orderId=130, clientId=1, permId=1340943523, action='SELL', totalQuantity=16.0, lmtPrice=0.0, auxPrice=0.0), orderStatus=OrderStatus(orderId=130, status='PreSubmitted', filled=0.0, remaining=16.0, avgFillPrice=0.0, permId=1340943523, parentId=0, lastFillPrice=0.0, clientId=1, whyHeld='', mktCapPrice=0.0), fills=[], log=[TradeLogEntry(time=datetime.datetime(2024, 3, 26, 20, 7, 46, 354238, tzinfo=datetime.timezone.utc), status='PendingSubmit', message='', errorCode=0), TradeLogEntry(time=datetime.datetime(2024, 3, 26, 20, 7, 46, 933667, tzinfo=datetime.timezone.utc), status='PreSubmitted', message='', errorCode=0)], advancedError='')
2024-03-27 04:07:46,935 updatePortfolio: PortfolioItem(contract=Stock(conId=4391, symbol='AMD', right='0', primaryExchange='NASDAQ', currency='USD', localSymbol='AMD', tradingClass='NMS'), position=0.0, marketPrice=178.0099945, marketValue=0.0, averageCost=0.0, unrealizedPNL=0.0, realizedPNL=-124.9, account='DU2384913')
2024-03-27 04:07:46,935 updatePortfolio: PortfolioItem(contract=Stock(conId=459309417, symbol='DASH', right='0', primaryExchange='NASDAQ', currency='USD', localSymbol='DASH', tradingClass='NMS'), position=0.0, marketPrice=140.30000305, marketValue=0.0, averageCost=0.0, unrealizedPNL=0.0, realizedPNL=-293.26, account='DU2384913')
2024-03-27 04:07:46,969 placeOrder: New order Trade(contract=Stock(conId=266093, symbol='AMAT', exchange='SMART', primaryExchange='NASDAQ', currency='USD', localSymbol='AMAT', tradingClass='NMS'), order=MarketOrder(orderId=132, clientId=1, action='BUY', totalQuantity=32), orderStatus=OrderStatus(orderId=132, status='PendingSubmit', filled=0.0, remaining=0.0, avgFillPrice=0.0, permId=0, parentId=0, lastFillPrice=0.0, clientId=0, whyHeld='', mktCapPrice=0.0), fills=[], log=[TradeLogEntry(time=datetime.datetime(2024, 3, 26, 20, 7, 46, 969180, tzinfo=datetime.timezone.utc), status='PendingSubmit', message='', errorCode=0)], advancedError='')
2024-03-27 04:07:46,986 Warning 399, reqId 132: Order Message: BUY 32 AMAT NASDAQ.NMS Your order will not be placed at the exchange until 2024-03-27 09:30:00 US/Eastern. If you want the order to be active in the Pre-Market, Regular and After-Market sessions, a Limit type order is required and you must add the attribute "Fill/Trigger Outside RTH." Click  <a href="https://www.ibkrguides.com/kb/article-576.htm?cid=d6326009-23da-46a1-8f9b-9b3f9f9087ca"> here </a> for more information regarding stocks Outside of the Regular Trading Hours sessions.
2024-03-27 04:07:46,988 orderStatus: Trade(contract=Stock(conId=266093, symbol='AMAT', exchange='SMART', primaryExchange='NASDAQ', currency='USD', localSymbol='AMAT', tradingClass='NMS'), order=MarketOrder(orderId=132, clientId=1, permId=1340943524, action='BUY', totalQuantity=32.0, lmtPrice=0.0, auxPrice=0.0), orderStatus=OrderStatus(orderId=132, status='PreSubmitted', filled=0.0, remaining=32.0, avgFillPrice=0.0, permId=1340943524, parentId=0, lastFillPrice=0.0, clientId=1, whyHeld='', mktCapPrice=0.0), fills=[], log=[TradeLogEntry(time=datetime.datetime(2024, 3, 26, 20, 7, 46, 969180, tzinfo=datetime.timezone.utc), status='PendingSubmit', message='', errorCode=0), TradeLogEntry(time=datetime.datetime(2024, 3, 26, 20, 7, 46, 987698, tzinfo=datetime.timezone.utc), status='PreSubmitted', message='', errorCode=0)], advancedError='')
2024-03-27 04:07:47,082 placeOrder: New order Trade(contract=Stock(conId=275850, symbol='VRTX', exchange='SMART', primaryExchange='NASDAQ', currency='USD', localSymbol='VRTX', tradingClass='NMS'), order=MarketOrder(orderId=134, clientId=1, action='SELL', totalQuantity=16), orderStatus=OrderStatus(orderId=134, status='PendingSubmit', filled=0.0, remaining=0.0, avgFillPrice=0.0, permId=0, parentId=0, lastFillPrice=0.0, clientId=0, whyHeld='', mktCapPrice=0.0), fills=[], log=[TradeLogEntry(time=datetime.datetime(2024, 3, 26, 20, 7, 47, 82288, tzinfo=datetime.timezone.utc), status='PendingSubmit', message='', errorCode=0)], advancedError='')
2024-03-27 04:07:47,082 Logging:
2024-03-27 04:07:47,082 
Long AMAT: 32; Short VRTX: 16 * 2
2024-03-27 04:07:47,100 Logging:
2024-03-27 04:07:47,101 
Holdin pairs stored in local drive:('AMAT', 'VRTX'). 
 All holding in IB: ['GFS']
2024-03-27 04:07:47,101 Logging:
2024-03-27 04:07:47,101 
Holdin pairs stored in local drive:('GFS', 'HON'). 
 All holding in IB: ['GFS']
2024-03-27 04:07:47,101 Logging:
2024-03-27 04:07:47,101 
Holdin pairs stored in local drive:('GFS', 'VRTX'). 
 All holding in IB: ['GFS']
2024-03-27 04:07:47,101 Disconnecting from 127.0.0.1:4001, 2.23 kB sent in 21 messages, 83.2 kB received in 1357 messages, session time 540 s.
2024-03-27 04:07:47,101 Disconnecting
