2024-03-18 19:01:27,046 Logging:
2024-03-18 19:01:27,053 
                              y           x        hr  zScore  numUnits
Date                                                                   
2024-03-11 00:00:00  253.289993  128.770004 -1.949970   0.903       0.0
2024-03-12 00:00:00  257.459991  130.449997 -1.950854   1.041       0.0
2024-03-13 00:00:00  250.979996  132.419998 -1.944739  -0.679       0.0
2024-03-14 00:00:00  243.729996  132.550003 -1.933474  -1.661       1.0
2024-03-15 00:00:00  237.539993  130.550003 -1.921211  -1.718       1.0
2024-03-18 19:01:27,548 Logging:
2024-03-18 19:01:27,549 
                              y           x        hr  zScore  numUnits
Date                                                                   
2024-03-11 00:00:00  253.289993  128.770004 -1.949970   0.903       0.0
2024-03-12 00:00:00  257.459991  130.449997 -1.950854   1.041       0.0
2024-03-13 00:00:00  250.979996  132.419998 -1.944739  -0.679       0.0
2024-03-14 00:00:00  243.729996  132.550003 -1.933474  -1.661       1.0
2024-03-15 00:00:00  237.539993  130.550003 -1.921211  -1.718       1.0
2024-03-18 19:01:28,848 Logging:
2024-03-18 19:01:28,849 
                              y           x        hr  zScore  numUnits
Date                                                                   
2024-03-11 00:00:00  198.389999  162.990005 -1.211642  -0.660       0.0
2024-03-12 00:00:00  202.759995  166.669998 -1.211724  -0.631       0.0
2024-03-13 00:00:00  194.789993  164.759995 -1.208606  -1.280       0.0
2024-03-14 00:00:00  187.059998  166.440002 -1.200143  -2.300       1.0
2024-03-15 00:00:00  191.059998  160.639999 -1.198251  -0.688       1.0
2024-03-18 19:01:28,849 Disconnecting from 127.0.0.1:4001, 120 B sent in 8 messages, 14.9 kB received in 312 messages, session time 13.3 s.
2024-03-18 19:01:28,849 Disconnecting
2024-03-18 19:01:29,795 Logging:
2024-03-18 19:01:29,800 
                              y           x        hr  zScore  numUnits
Date                                                                   
2024-03-11 00:00:00  198.389999  162.990005 -1.211642  -0.660       0.0
2024-03-12 00:00:00  202.759995  166.669998 -1.211724  -0.631       0.0
2024-03-13 00:00:00  194.789993  164.759995 -1.208606  -1.280       0.0
2024-03-14 00:00:00  187.059998  166.440002 -1.200143  -2.300       1.0
2024-03-15 00:00:00  191.059998  160.639999 -1.198251  -0.688       1.0
2024-03-18 19:01:29,800 Disconnecting from 127.0.0.1:4001, 117 B sent in 8 messages, 14.9 kB received in 312 messages, session time 13.8 s.
2024-03-18 19:01:29,801 Disconnecting
