2024-03-22 18:52:18,818 Logging:
2024-03-22 18:52:18,824 
                              y           x        hr  zScore  numUnits
Date                                                                   
2024-03-15 00:00:00  236.521027  130.550003 -1.913998  -1.717       1.0
2024-03-18 00:00:00  235.604965  129.580002 -1.903428  -1.316       1.0
2024-03-19 00:00:00  235.366013  130.830002 -1.892193  -1.415       1.0
2024-03-20 00:00:00  241.270004  137.910004 -1.876945  -2.078       1.0
2024-03-21 00:00:00  246.110001  136.759995 -1.867479  -0.790       1.0
2024-03-22 18:52:21,427 Logging:
2024-03-22 18:52:21,433 
                              y           x        hr  zScore  numUnits
Date                                                                   
2024-03-15 00:00:00  191.059998  160.639999 -1.198363  -0.688       1.0
2024-03-18 00:00:00  190.649994  161.860001 -1.196009  -0.855       1.0
2024-03-19 00:00:00  181.419998  161.789993 -1.188758  -1.801       1.0
2024-03-20 00:00:00  179.729996  164.710007 -1.179016  -2.048       1.0
2024-03-21 00:00:00  178.679993  168.179993 -1.167211  -2.176       1.0
2024-03-22 18:52:21,434 Disconnecting from 127.0.0.1:4001, 117 B sent in 8 messages, 14.9 kB received in 312 messages, session time 11.6 s.
2024-03-22 18:52:21,434 Disconnecting
